<?xml version="1.0" encoding="UTF-8"?>
<!-- Generated by org.testng.reporters.JUnitReportReporter -->
<testsuite hostname="DESKTOP-KUCC0I6" failures="0" tests="1" name="testScrit.mmtSearchFlight_test" time="0.017" errors="0" timestamp="2022-12-12T15:53:14 IST" skipped="0">
  <testcase classname="testScrit.mmtSearchFlight_test" name="searcghFlight" time="0.017"/>
  <system-out/>
</testsuite> <!-- testScrit.mmtSearchFlight_test -->
