<?xml version="1.0" encoding="UTF-8"?>
<!-- Generated by org.testng.reporters.JUnitReportReporter -->
<testsuite hostname="DESKTOP-UBPRC9R" failures="0" tests="1" name="testScript.FlightSearchMMT_test" time="10.446" errors="0" timestamp="2022-12-22T13:40:44 IST" skipped="0">
  <testcase classname="testScript.FlightSearchMMT_test" name="searcghFlight" time="10.446"/>
  <system-out/>
</testsuite> <!-- testScript.FlightSearchMMT_test -->
