<?xml version="1.0" encoding="UTF-8"?>
<!-- Generated by org.testng.reporters.JUnitReportReporter -->
<testsuite skipped="0" hostname="dell-PC" name="testScript.mmtSearchFlight_test" tests="1" failures="0" timestamp="2022-12-20T17:47:37 IST" time="48.089" errors="0">
  <testcase name="searcghFlight" time="48.089" classname="testScript.mmtSearchFlight_test"/>
  <system-out/>
</testsuite> <!-- testScript.mmtSearchFlight_test -->
